2025-02-25 23:59:44,088 INFO o.a.j.u.JMeterUtils: Setting Locale to en_EN
2025-02-25 23:59:44,175 INFO o.a.j.JMeter: Loading user properties from: /usr/local/Cellar/jmeter/5.6.3/libexec/bin/user.properties
2025-02-25 23:59:44,176 INFO o.a.j.JMeter: Loading system properties from: /usr/local/Cellar/jmeter/5.6.3/libexec/bin/system.properties
2025-02-25 23:59:44,187 INFO o.a.j.JMeter: Copyright (c) 1998-2024 The Apache Software Foundation
2025-02-25 23:59:44,187 INFO o.a.j.JMeter: Version 5.6.3
2025-02-25 23:59:44,187 INFO o.a.j.JMeter: java.version=21.0.6
2025-02-25 23:59:44,187 INFO o.a.j.JMeter: java.vm.name=OpenJDK 64-Bit Server VM
2025-02-25 23:59:44,187 INFO o.a.j.JMeter: os.name=Mac OS X
2025-02-25 23:59:44,188 INFO o.a.j.JMeter: os.arch=x86_64
2025-02-25 23:59:44,188 INFO o.a.j.JMeter: os.version=13.2.1
2025-02-25 23:59:44,188 INFO o.a.j.JMeter: file.encoding=UTF-8
2025-02-25 23:59:44,188 INFO o.a.j.JMeter: java.awt.headless=null
2025-02-25 23:59:44,188 INFO o.a.j.JMeter: Max memory     =1073741824
2025-02-25 23:59:44,188 INFO o.a.j.JMeter: Available Processors =4
2025-02-25 23:59:44,228 INFO o.a.j.JMeter: Default Locale=English (EN)
2025-02-25 23:59:44,229 INFO o.a.j.JMeter: JMeter  Locale=English (EN)
2025-02-25 23:59:44,229 INFO o.a.j.JMeter: JMeterHome=/usr/local/Cellar/jmeter/5.6.3/libexec
2025-02-25 23:59:44,229 INFO o.a.j.JMeter: user.dir  =/Users/macbook/Desktop/document/soa
2025-02-25 23:59:44,229 INFO o.a.j.JMeter: PWD       =/Users/macbook/Desktop/document/soa
2025-02-25 23:59:44,234 INFO o.a.j.JMeter: IP: 127.0.0.1 Name: MacBooks-MacBook-Air.local FullName: localhost
2025-02-25 23:59:44,283 INFO o.a.j.JMeter: Loaded icon properties from org/apache/jmeter/images/icon.properties
2025-02-25 23:59:46,035 INFO o.a.j.JMeterGuiLauncher: Setting LAF to: com.github.weisj.darklaf.DarkLaf:com.github.weisj.darklaf.theme.DarculaTheme
2025-02-25 23:59:52,425 INFO o.a.j.r.ClassFinder: Will scan jar /usr/local/Cellar/jmeter/5.6.3/libexec/lib/ext/jmeter-plugins-manager-1.9.jar with filter ExtendsClassFilter [parents=[interface org.apache.jmeter.gui.action.Command], inner=false, contains=null, notContains=null]. Consider exposing JMeter plugins via META-INF/services, and add JMeter-Skip-Class-Scanning=true manifest attribute so JMeter can skip classfile scanning
2025-02-25 23:59:52,984 INFO o.a.j.r.ClassFinder: Will scan jar /usr/local/Cellar/jmeter/5.6.3/libexec/lib/ext/jmeter-plugins-manager-1.9.jar with filter ExtendsClassFilter [parents=[interface org.apache.jmeter.gui.plugin.MenuCreator], inner=false, contains=null, notContains=null]. Consider exposing JMeter plugins via META-INF/services, and add JMeter-Skip-Class-Scanning=true manifest attribute so JMeter can skip classfile scanning
2025-02-25 23:59:53,232 INFO o.j.r.JARSourceHTTP: Requesting https://jmeter-plugins.org/repo/?installID=mac_os_x-9540ab41b28cbfff800dae76950642e5-gui
2025-02-25 23:59:58,322 INFO o.j.r.PluginManager: Plugins Status: [jpgc-plugins-manager=1.9, jmeter-core=5.6.3, jmeter-ftp=5.6.3, jmeter-http=5.6.3, jmeter-jdbc=5.6.3, jmeter-jms=5.6.3, jmeter-junit=5.6.3, jmeter-java=5.6.3, jmeter-ldap=5.6.3, jmeter-mail=5.6.3, jmeter-mongodb=5.6.3, jmeter-native=5.6.3, jmeter-tcp=5.6.3, jmeter-components=5.6.3]
2025-02-25 23:59:58,325 INFO o.j.r.PluginManagerMenuItem: Plugins Manager has upgrades: [jpgc-plugins-manager]
